  main.cpp
C:\Users\User\Desktop\swassow\swassow\sphere.h(177,26): warning C4244: 'initializing': conversion from 'double' to 'float', possible loss of data
C:\Users\User\Desktop\swassow\swassow\sphere.h(178,25): warning C4244: 'initializing': conversion from 'double' to 'float', possible loss of data
C:\Users\User\Desktop\swassow\swassow\sphere.h(180,26): warning C4244: 'initializing': conversion from 'double' to 'float', possible loss of data
C:\Users\User\Desktop\swassow\swassow\cylinder.h(149,24): warning C4101: 'normalX': unreferenced local variable
C:\Users\User\Desktop\swassow\swassow\cylinder.h(149,33): warning C4101: 'normalY': unreferenced local variable
C:\Users\User\Desktop\swassow\swassow\cylinder.h(149,18): warning C4101: 'y': unreferenced local variable
C:\Users\User\Desktop\swassow\swassow\cylinder.h(149,42): warning C4101: 'normalZ': unreferenced local variable
C:\Users\User\Desktop\swassow\swassow\main.cpp(175,13): warning C4305: 'initializing': truncation from 'double' to 'float'
C:\Users\User\Desktop\swassow\swassow\main.cpp(375,18): warning C4244: 'initializing': conversion from 'double' to 'float', possible loss of data
C:\Users\User\Desktop\swassow\swassow\main.cpp(513,16): warning C4244: 'initializing': conversion from 'float' to 'int', possible loss of data
C:\Users\User\Desktop\swassow\swassow\main.cpp(551,23): warning C4305: '-=': truncation from 'double' to 'float'
C:\Users\User\Desktop\swassow\swassow\main.cpp(586,40): warning C4244: '=': conversion from 'double' to 'float', possible loss of data
C:\Users\User\Desktop\swassow\swassow\main.cpp(587,25): warning C4244: '+=': conversion from 'double' to 'float', possible loss of data
C:\Users\User\Desktop\swassow\swassow\main.cpp(600,27): warning C4244: '=': conversion from 'double' to 'float', possible loss of data
C:\Users\User\Desktop\swassow\swassow\main.cpp(601,23): warning C4305: '=': truncation from 'double' to 'float'
C:\Users\User\Desktop\swassow\swassow\main.cpp(697,67): warning C4305: 'argument': truncation from 'double' to 'float'
C:\Users\User\Desktop\swassow\swassow\main.cpp(697,62): warning C4305: 'argument': truncation from 'double' to 'float'
C:\Users\User\Desktop\swassow\swassow\main.cpp(697,57): warning C4305: 'argument': truncation from 'double' to 'float'
C:\Users\User\Desktop\swassow\swassow\main.cpp(703,67): warning C4305: 'argument': truncation from 'double' to 'float'
C:\Users\User\Desktop\swassow\swassow\main.cpp(703,62): warning C4305: 'argument': truncation from 'double' to 'float'
C:\Users\User\Desktop\swassow\swassow\main.cpp(703,57): warning C4305: 'argument': truncation from 'double' to 'float'
C:\Users\User\Desktop\swassow\swassow\main.cpp(708,67): warning C4305: 'argument': truncation from 'double' to 'float'
C:\Users\User\Desktop\swassow\swassow\main.cpp(708,62): warning C4305: 'argument': truncation from 'double' to 'float'
C:\Users\User\Desktop\swassow\swassow\main.cpp(708,57): warning C4305: 'argument': truncation from 'double' to 'float'
C:\Users\User\Desktop\swassow\swassow\main.cpp(885,22): warning C4305: 'initializing': truncation from 'double' to 'float'
C:\Users\User\Desktop\swassow\swassow\main.cpp(897,56): warning C4305: 'argument': truncation from 'double' to 'float'
C:\Users\User\Desktop\swassow\swassow\main.cpp(897,46): warning C4305: 'argument': truncation from 'double' to 'float'
C:\Users\User\Desktop\swassow\swassow\main.cpp(909,51): warning C4305: 'argument': truncation from 'double' to 'float'
C:\Users\User\Desktop\swassow\swassow\main.cpp(909,46): warning C4305: 'argument': truncation from 'double' to 'float'
C:\Users\User\Desktop\swassow\swassow\main.cpp(901,62): warning C4101: 'rotateZMatrix': unreferenced local variable
glfw3.lib(init.obj) : warning LNK4099: PDB '' was not found with 'glfw3.lib(init.obj)' or at ''; linking object as if no debug info
glfw3.lib(window.obj) : warning LNK4099: PDB '' was not found with 'glfw3.lib(window.obj)' or at ''; linking object as if no debug info
glfw3.lib(input.obj) : warning LNK4099: PDB '' was not found with 'glfw3.lib(input.obj)' or at ''; linking object as if no debug info
glfw3.lib(context.obj) : warning LNK4099: PDB '' was not found with 'glfw3.lib(context.obj)' or at ''; linking object as if no debug info
glfw3.lib(win32_init.obj) : warning LNK4099: PDB '' was not found with 'glfw3.lib(win32_init.obj)' or at ''; linking object as if no debug info
glfw3.lib(win32_monitor.obj) : warning LNK4099: PDB '' was not found with 'glfw3.lib(win32_monitor.obj)' or at ''; linking object as if no debug info
glfw3.lib(win32_time.obj) : warning LNK4099: PDB '' was not found with 'glfw3.lib(win32_time.obj)' or at ''; linking object as if no debug info
glfw3.lib(win32_thread.obj) : warning LNK4099: PDB '' was not found with 'glfw3.lib(win32_thread.obj)' or at ''; linking object as if no debug info
glfw3.lib(monitor.obj) : warning LNK4099: PDB '' was not found with 'glfw3.lib(monitor.obj)' or at ''; linking object as if no debug info
glfw3.lib(vulkan.obj) : warning LNK4099: PDB '' was not found with 'glfw3.lib(vulkan.obj)' or at ''; linking object as if no debug info
glfw3.lib(win32_window.obj) : warning LNK4099: PDB '' was not found with 'glfw3.lib(win32_window.obj)' or at ''; linking object as if no debug info
glfw3.lib(win32_joystick.obj) : warning LNK4099: PDB '' was not found with 'glfw3.lib(win32_joystick.obj)' or at ''; linking object as if no debug info
glfw3.lib(wgl_context.obj) : warning LNK4099: PDB '' was not found with 'glfw3.lib(wgl_context.obj)' or at ''; linking object as if no debug info
glfw3.lib(egl_context.obj) : warning LNK4099: PDB '' was not found with 'glfw3.lib(egl_context.obj)' or at ''; linking object as if no debug info
glfw3.lib(osmesa_context.obj) : warning LNK4099: PDB '' was not found with 'glfw3.lib(osmesa_context.obj)' or at ''; linking object as if no debug info
  Project2.vcxproj -> C:\Users\User\Desktop\swassow\swassow\x64\Debug\Project2.exe
